\BOOKMARK [1][-]{section.1}{\376\377\0001\000.\000\040\000I\000n\000t\000r\000o\000d\000u\000c\000t\000i\000o\000n}{}% 1
\BOOKMARK [2][-]{subsection.6}{\376\377\0001\000.\0001\000.\000\040\000P\000o\000s\000i\000t\000i\000o\000n\000i\000n\000g\000\040\000i\000n\000\040\000t\000h\000e\000\040\000l\000i\000t\000e\000r\000a\000t\000u\000r\000e}{section.1}% 2
\BOOKMARK [2][-]{subsection.7}{\376\377\0001\000.\0002\000.\000\040\000O\000r\000g\000a\000n\000i\000z\000a\000t\000i\000o\000n\000\040\000o\000f\000\040\000t\000h\000e\000\040\000p\000a\000p\000e\000r}{section.1}% 3
\BOOKMARK [1][-]{section.8}{\376\377\0002\000.\000\040\000O\000p\000e\000r\000a\000t\000o\000r\000\040\000M\000o\000d\000e\000l\000\040\000a\000n\000d\000\040\000C\000a\000n\000o\000n\000i\000c\000a\000l\000\040\000N\000o\000r\000m\000a\000l\000i\000z\000a\000t\000i\000o\000n}{}% 4
\BOOKMARK [2][-]{subsection.9}{\376\377\0002\000.\0001\000.\000\040\000O\000p\000e\000r\000a\000t\000o\000r\000\040\000D\000y\000n\000a\000m\000i\000c\000s\000\040\000a\000n\000d\000\040\000R\000e\000g\000u\000l\000a\000r\000i\000z\000e\000d\000\040\000C\000o\000n\000d\000i\000t\000i\000o\000n\000i\000n\000g}{section.8}% 5
\BOOKMARK [2][-]{subsection.14}{\376\377\0002\000.\0002\000.\000\040\000C\000a\000n\000o\000n\000i\000c\000a\000l\000\040\000N\000o\000r\000m\000a\000l\000i\000z\000a\000t\000i\000o\000n}{section.8}% 6
\BOOKMARK [2][-]{subsection.24}{\376\377\0002\000.\0003\000.\000\040\000O\000p\000e\000r\000a\000t\000o\000r\000\040\000S\000e\000t\000u\000p\000\040\000a\000n\000d\000\040\000A\000s\000s\000u\000m\000p\000t\000i\000o\000n\000s}{section.8}% 7
\BOOKMARK [1][-]{section.33}{\376\377\0003\000.\000\040\000H\000i\000l\000b\000e\000r\000t\000-\000S\000p\000a\000c\000e\000\040\000V\000a\000r\000i\000a\000t\000i\000o\000n\000a\000l\000\040\000S\000c\000h\000u\000r\000\040\000R\000e\000s\000i\000d\000u\000a\000l}{}% 8
\BOOKMARK [2][-]{subsection.34}{\376\377\0003\000.\0001\000.\000\040\000V\000a\000r\000i\000a\000t\000i\000o\000n\000a\000l\000\040\000S\000c\000h\000u\000r\000\040\000S\000u\000b\000t\000r\000a\000c\000t\000i\000o\000n\000\040\000a\000n\000d\000\040\000N\000o\000r\000m\000\040\000B\000o\000u\000n\000d\000s}{section.33}% 9
\BOOKMARK [2][-]{subsection.41}{\376\377\0003\000.\0002\000.\000\040\000H\000i\000l\000b\000e\000r\000t\000-\000S\000p\000a\000c\000e\000\040\000S\000c\000h\000u\000r\000\040\000R\000e\000s\000i\000d\000u\000a\000l\000\040\000S\000c\000a\000l\000i\000n\000g}{section.33}% 10
\BOOKMARK [2][-]{subsection.46}{\376\377\0003\000.\0003\000.\000\040\000C\000o\000n\000v\000e\000r\000g\000e\000n\000c\000e\000\040\000o\000f\000\040\000F\000i\000n\000i\000t\000e\000-\000D\000i\000m\000e\000n\000s\000i\000o\000n\000a\000l\000\040\000T\000r\000u\000n\000c\000a\000t\000i\000o\000n\000s}{section.33}% 11
\BOOKMARK [1][-]{section.51}{\376\377\0004\000.\000\040\000G\000a\000u\000s\000s\000i\000a\000n\000\040\000C\000o\000n\000d\000i\000t\000i\000o\000n\000a\000l\000\040\000E\000x\000t\000e\000n\000s\000i\000o\000n\000\040\000a\000n\000d\000\040\000F\000i\000n\000i\000t\000e\000-\000P\000a\000r\000t\000\040\000F\000u\000n\000c\000t\000i\000o\000n\000a\000l}{}% 12
\BOOKMARK [2][-]{subsection.52}{\376\377\0004\000.\0001\000.\000\040\000R\000a\000d\000o\000n\000\040\000G\000a\000u\000s\000s\000i\000a\000n\000\040\000S\000e\000t\000u\000p\000\040\000a\000n\000d\000\040\000D\000i\000s\000i\000n\000t\000e\000g\000r\000a\000t\000i\000o\000n}{section.51}% 13
\BOOKMARK [2][-]{subsection.57}{\376\377\0004\000.\0002\000.\000\040\000G\000l\000o\000b\000a\000l\000-\000I\000n\000v\000e\000r\000s\000e\000-\000F\000r\000e\000e\000\040\000M\000e\000a\000s\000u\000r\000a\000b\000l\000e\000\040\000P\000r\000e\000d\000i\000c\000t\000o\000r}{section.51}% 14
\BOOKMARK [2][-]{subsection.60}{\376\377\0004\000.\0003\000.\000\040\000G\000a\000u\000s\000s\000i\000a\000n\000\040\000R\000e\000n\000o\000r\000m\000a\000l\000i\000z\000e\000d\000\040\000F\000i\000n\000i\000t\000e\000-\000P\000a\000r\000t\000\040\000F\000u\000n\000c\000t\000i\000o\000n\000a\000l}{section.51}% 15
\BOOKMARK [2][-]{subsection.65}{\376\377\0004\000.\0004\000.\000\040\000G\000a\000u\000s\000s\000i\000a\000n\000\040\000M\000a\000i\000n\000\040\000T\000h\000e\000o\000r\000e\000m}{section.51}% 16
\BOOKMARK [1][-]{section.71}{\376\377\0005\000.\000\040\000E\000l\000l\000i\000p\000t\000i\000c\000\040\000G\000a\000u\000s\000s\000i\000a\000n\000\040\000F\000i\000e\000l\000d\000\040\000E\000x\000a\000m\000p\000l\000e}{}% 17
\BOOKMARK [2][-]{subsection.72}{\376\377\0005\000.\0001\000.\000\040\000E\000l\000l\000i\000p\000t\000i\000c\000\040\000G\000a\000u\000s\000s\000i\000a\000n\000\040\000f\000i\000e\000l\000d\000\040\000o\000n\000\040\000[\0000\000,\0001\000]}{section.71}% 18
\BOOKMARK [2][-]{subsection.73}{\376\377\0005\000.\0002\000.\000\040\000C\000a\000m\000e\000r\000o\000n\040\023\000M\000a\000r\000t\000i\000n\000\040\000r\000a\000n\000g\000e\000\040\000a\000n\000d\000\040\000c\000o\000v\000a\000r\000i\000a\000n\000c\000e\000\040\000n\000o\000r\000m}{section.71}% 19
\BOOKMARK [2][-]{subsection.74}{\376\377\0005\000.\0003\000.\000\040\000S\000p\000e\000c\000t\000r\000a\000l\000\040\000s\000e\000n\000s\000o\000r\000\040\000c\000o\000n\000d\000i\000t\000i\000o\000n\000i\000n\000g}{section.71}% 20
\BOOKMARK [1][-]{section.75}{\376\377\0006\000.\000\040\000D\000i\000s\000c\000u\000s\000s\000i\000o\000n}{}% 21
\BOOKMARK [2][-]{subsection.76}{\376\377\0006\000.\0001\000.\000\040\000M\000a\000t\000r\000i\000x\000\040\000a\000l\000g\000e\000b\000r\000a\000i\000c\000\040\000e\000x\000t\000e\000n\000s\000i\000o\000n}{section.75}% 22
\BOOKMARK [2][-]{subsection.78}{\376\377\0006\000.\0002\000.\000\040\000O\000p\000e\000r\000a\000t\000o\000r\000-\000v\000a\000l\000u\000e\000d\000\040\000r\000e\000s\000i\000d\000u\000a\000l\000s}{section.75}% 23
\BOOKMARK [2][-]{subsection.81}{\376\377\0006\000.\0003\000.\000\040\000G\000e\000n\000e\000r\000a\000l\000\040\000o\000b\000s\000e\000r\000v\000a\000t\000i\000o\000n\000\040\000o\000p\000e\000r\000a\000t\000o\000r\000s\000\040\000a\000n\000d\000\040\000m\000i\000s\000a\000l\000i\000g\000n\000m\000e\000n\000t}{section.75}% 24
\BOOKMARK [1][-]{section.82}{\376\377\0007\000.\000\040\000C\000o\000n\000c\000l\000u\000s\000i\000o\000n}{}% 25
\BOOKMARK [1][-]{section*.83}{\376\377\000D\000e\000c\000l\000a\000r\000a\000t\000i\000o\000n\000\040\000o\000f\000\040\000G\000e\000n\000e\000r\000a\000t\000i\000v\000e\000\040\000A\000I\000\040\000a\000n\000d\000\040\000A\000I\000-\000A\000s\000s\000i\000s\000t\000e\000d\000\040\000T\000e\000c\000h\000n\000o\000l\000o\000g\000i\000e\000s\000\040\000i\000n\000\040\000t\000h\000e\000\040\000M\000a\000n\000u\000s\000c\000r\000i\000p\000t\000\040\000P\000r\000e\000p\000a\000r\000a\000t\000i\000o\000n\000\040\000P\000r\000o\000c\000e\000s\000s}{}% 26
\BOOKMARK [1][-]{section*.84}{\376\377\000R\000e\000f\000e\000r\000e\000n\000c\000e\000s}{}% 27
\BOOKMARK [1][-]{appendix.85}{\376\377\000A\000p\000p\000e\000n\000d\000i\000x\000\040\000A\000.\000\040\000E\000x\000a\000c\000t\000\040\000B\000l\000o\000c\000k\000\040\000a\000n\000d\000\040\000V\000a\000r\000i\000a\000t\000i\000o\000n\000a\000l\000\040\000S\000c\000h\000u\000r\000\040\000A\000n\000a\000l\000y\000s\000i\000s}{}% 28
\BOOKMARK [2][-]{subsection.86}{\376\377\000A\000.\0001\000.\000\040\000E\000x\000a\000c\000t\000\040\000T\000a\000r\000g\000e\000t\000\040\000C\000o\000v\000a\000r\000i\000a\000n\000c\000e\000\040\000B\000l\000o\000c\000k}{appendix.85}% 29
\BOOKMARK [2][-]{subsection.89}{\376\377\000A\000.\0002\000.\000\040\000E\000x\000a\000c\000t\000\040\000C\000r\000o\000s\000s\000-\000C\000o\000v\000a\000r\000i\000a\000n\000c\000e\000\040\000R\000e\000s\000o\000l\000v\000e\000n\000t\000\040\000F\000o\000r\000m\000u\000l\000a}{appendix.85}% 30
\BOOKMARK [2][-]{subsection.92}{\376\377\000A\000.\0003\000.\000\040\000C\000a\000m\000e\000r\000o\000n\040\023\000M\000a\000r\000t\000i\000n\000\040\000E\000n\000e\000r\000g\000y\000\040\000B\000o\000u\000n\000d}{appendix.85}% 31
\BOOKMARK [2][-]{subsection.95}{\376\377\000A\000.\0004\000.\000\040\000V\000a\000r\000i\000a\000t\000i\000o\000n\000a\000l\000\040\000S\000c\000h\000u\000r\000\040\000R\000e\000s\000i\000d\000u\000a\000l\000\040\000P\000r\000o\000o\000f}{appendix.85}% 32
\BOOKMARK [2][-]{subsection.100}{\376\377\000A\000.\0005\000.\000\040\000G\000a\000l\000e\000r\000k\000i\000n\000\040\000T\000r\000u\000n\000c\000a\000t\000i\000o\000n\000\040\000C\000o\000n\000v\000e\000r\000g\000e\000n\000c\000e}{appendix.85}% 33
\BOOKMARK [1][-]{appendix.131}{\376\377\000A\000p\000p\000e\000n\000d\000i\000x\000\040\000B\000.\000\040\000G\000a\000u\000s\000s\000i\000a\000n\000\040\000C\000o\000n\000d\000i\000t\000i\000o\000n\000a\000l\000\040\000F\000i\000n\000i\000t\000e\000-\000P\000a\000r\000t\000\040\000A\000n\000a\000l\000y\000s\000i\000s}{}% 34
\BOOKMARK [2][-]{subsection.132}{\376\377\000B\000.\0001\000.\000\040\000R\000a\000d\000o\000n\000\040\000G\000a\000u\000s\000s\000i\000a\000n\000\040\000S\000e\000t\000u\000p\000\040\000a\000n\000d\000\040\000P\000o\000i\000n\000t\000w\000i\000s\000e\000\040\000D\000i\000s\000i\000n\000t\000e\000g\000r\000a\000t\000i\000o\000n}{appendix.131}% 35
\BOOKMARK [2][-]{subsection.137}{\376\377\000B\000.\0002\000.\000\040\000M\000e\000a\000s\000u\000r\000a\000b\000l\000e\000\040\000C\000o\000n\000d\000i\000t\000i\000o\000n\000a\000l\000\040\000P\000r\000e\000d\000i\000c\000t\000o\000r}{appendix.131}% 36
\BOOKMARK [2][-]{subsection.142}{\376\377\000B\000.\0003\000.\000\040\000B\000u\000l\000k\000\040\000R\000e\000l\000a\000t\000i\000v\000e\000-\000E\000n\000t\000r\000o\000p\000y\000\040\000E\000s\000t\000i\000m\000a\000t\000e}{appendix.131}% 37
\BOOKMARK [2][-]{subsection.146}{\376\377\000B\000.\0004\000.\000\040\000M\000o\000l\000l\000i\000f\000i\000e\000d\000\040\000D\000i\000v\000e\000r\000g\000e\000n\000c\000e\000\040\000a\000n\000d\000\040\000F\000i\000n\000i\000t\000e\000-\000P\000a\000r\000t\000\040\000R\000e\000g\000u\000l\000a\000r\000i\000z\000a\000t\000i\000o\000n\000\040\000P\000r\000o\000o\000f}{appendix.131}% 38
\BOOKMARK [2][-]{subsection.155}{\376\377\000B\000.\0005\000.\000\040\000E\000x\000a\000c\000t\000\040\000D\000e\000c\000o\000u\000p\000l\000e\000d\000-\000C\000e\000n\000t\000e\000r\000e\000d\000\040\000C\000o\000n\000s\000e\000q\000u\000e\000n\000c\000e}{appendix.131}% 39
\BOOKMARK [1][-]{appendix.156}{\376\377\000A\000p\000p\000e\000n\000d\000i\000x\000\040\000C\000.\000\040\000N\000u\000m\000e\000r\000i\000c\000a\000l\000\040\000D\000i\000a\000g\000n\000o\000s\000t\000i\000c\000s\000\040\000a\000n\000d\000\040\000G\000a\000l\000e\000r\000k\000i\000n\000\040\000V\000e\000r\000i\000f\000i\000c\000a\000t\000i\000o\000n}{}% 40
\BOOKMARK [2][-]{subsection.157}{\376\377\000C\000.\0001\000.\000\040\000T\000r\000u\000n\000c\000a\000t\000i\000o\000n\000\040\000C\000o\000n\000v\000e\000r\000g\000e\000n\000c\000e}{appendix.156}% 41
\BOOKMARK [2][-]{subsection.160}{\376\377\000C\000.\0002\000.\000\040\000C\000a\000n\000o\000n\000i\000c\000a\000l\000\040\000S\000c\000a\000l\000i\000n\000g\000\040\000D\000i\000a\000g\000n\000o\000s\000t\000i\000c}{appendix.156}% 42
\BOOKMARK [2][-]{subsection.167}{\376\377\000C\000.\0003\000.\000\040\000G\000a\000u\000s\000s\000i\000a\000n\000\040\000F\000i\000n\000i\000t\000e\000-\000P\000a\000r\000t\000\040\000F\000u\000n\000c\000t\000i\000o\000n\000a\000l\000\040\000i\000n\000\040\000a\000\040\000T\000h\000r\000e\000e\000-\000N\000o\000d\000e\000\040\000C\000h\000a\000i\000n}{appendix.156}% 43
\BOOKMARK [2][-]{subsection.174}{\376\377\000C\000.\0004\000.\000\040\000N\000u\000m\000e\000r\000i\000c\000a\000l\000\040\000P\000r\000e\000c\000i\000s\000i\000o\000n\000\040\000A\000u\000d\000i\000t}{appendix.156}% 44
